0 info it worked if it ends with ok
1 verbose cli [ 'node', '/usr/local/bin/npm', 'install', '-g', 'grunt-cli' ]
2 info using npm@2.1.18
3 info using node@v0.10.38
4 verbose node symlink /usr/bin/node
5 silly cache add args [ 'grunt-cli', null ]
6 verbose cache add spec grunt-cli
7 silly cache add parsed spec { raw: 'grunt-cli',
7 silly cache add   scope: null,
7 silly cache add   name: 'grunt-cli',
7 silly cache add   rawSpec: '',
7 silly cache add   spec: '*',
7 silly cache add   type: 'range' }
8 verbose addNamed grunt-cli@*
9 silly addNamed semver.valid null
10 silly addNamed semver.validRange *
11 silly addNameRange { name: 'grunt-cli', range: '*', hasData: false }
12 silly mapToRegistry name grunt-cli
13 silly mapToRegistry using default registry
14 silly mapToRegistry registry https://registry.npmjs.org/
15 silly mapToRegistry uri https://registry.npmjs.org/grunt-cli
16 verbose addNameRange registry:https://registry.npmjs.org/grunt-cli not in flight; fetching
17 verbose request uri https://registry.npmjs.org/grunt-cli
18 verbose request no auth needed
19 info attempt registry request try #1 at 13:35:43
20 verbose request id c7799cdd70ee9d81
21 verbose etag "1OVH332LXUG5WLBWL4VS1W1YV"
22 http request GET https://registry.npmjs.org/grunt-cli
23 http 200 https://registry.npmjs.org/grunt-cli
24 silly get cb [ 200,
24 silly get   { server: 'CouchDB/1.5.0 (Erlang OTP/R16B03)',
24 silly get     etag: '"6VNPK1MEUU4GXHKO1SVC2AHLJ"',
24 silly get     'content-type': 'application/json',
24 silly get     'cache-control': 'max-age=60',
24 silly get     'content-length': '21457',
24 silly get     'accept-ranges': 'bytes',
24 silly get     date: 'Fri, 21 Aug 2015 11:35:43 GMT',
24 silly get     via: '1.1 varnish',
24 silly get     age: '38',
24 silly get     connection: 'keep-alive',
24 silly get     'x-served-by': 'cache-fra1220-FRA',
24 silly get     'x-cache': 'HIT',
24 silly get     'x-cache-hits': '2',
24 silly get     'x-timer': 'S1440156943.882090,VS0,VE0',
24 silly get     vary: 'Accept' } ]
25 silly addNameRange number 2 { name: 'grunt-cli', range: '*', hasData: true }
26 silly addNameRange versions [ 'grunt-cli',
26 silly addNameRange   [ '0.1.0',
26 silly addNameRange     '0.1.1',
26 silly addNameRange     '0.1.2',
26 silly addNameRange     '0.1.3',
26 silly addNameRange     '0.1.4',
26 silly addNameRange     '0.1.5',
26 silly addNameRange     '0.1.6',
26 silly addNameRange     '0.1.7',
26 silly addNameRange     '0.1.8',
26 silly addNameRange     '0.1.9',
26 silly addNameRange     '0.1.10',
26 silly addNameRange     '0.1.11',
26 silly addNameRange     '0.1.12',
26 silly addNameRange     '0.1.13' ] ]
27 verbose addNamed grunt-cli@0.1.13
28 silly addNamed semver.valid 0.1.13
29 silly addNamed semver.validRange 0.1.13
30 silly cache afterAdd grunt-cli@0.1.13
31 verbose afterAdd /home/dorian/.npm/grunt-cli/0.1.13/package/package.json not in flight; writing
32 verbose afterAdd /home/dorian/.npm/grunt-cli/0.1.13/package/package.json written
33 silly install resolved [ { name: 'grunt-cli',
33 silly install resolved     description: 'The grunt command line interface.',
33 silly install resolved     version: '0.1.13',
33 silly install resolved     author: { name: 'Grunt Team' },
33 silly install resolved     homepage: 'http://gruntjs.com/',
33 silly install resolved     repository: { type: 'git', url: 'git://github.com/gruntjs/grunt-cli.git' },
33 silly install resolved     bugs: { url: 'http://github.com/gruntjs/grunt-cli/issues' },
33 silly install resolved     licenses: [ [Object] ],
33 silly install resolved     bin: { grunt: 'bin/grunt' },
33 silly install resolved     engines: { node: '>= 0.8.0' },
33 silly install resolved     scripts: { test: 'node bin/grunt test' },
33 silly install resolved     preferGlobal: true,
33 silly install resolved     dependencies: { nopt: '~1.0.10', 'findup-sync': '~0.1.0', resolve: '~0.3.1' },
33 silly install resolved     devDependencies: { grunt: '~0.4.0', 'grunt-contrib-jshint': '~0.2.0' },
33 silly install resolved     contributors: [ [Object], [Object], [Object], [Object] ],
33 silly install resolved     _id: 'grunt-cli@0.1.13',
33 silly install resolved     dist:
33 silly install resolved      { shasum: 'e9ebc4047631f5012d922770c39378133cad10f4',
33 silly install resolved        tarball: 'http://registry.npmjs.org/grunt-cli/-/grunt-cli-0.1.13.tgz' },
33 silly install resolved     _from: 'grunt-cli@*',
33 silly install resolved     _npmVersion: '1.3.24',
33 silly install resolved     _npmUser: { name: 'tkellen', email: 'tyler@sleekcode.net' },
33 silly install resolved     maintainers: [ [Object] ],
33 silly install resolved     directories: {},
33 silly install resolved     _shasum: 'e9ebc4047631f5012d922770c39378133cad10f4',
33 silly install resolved     _resolved: 'https://registry.npmjs.org/grunt-cli/-/grunt-cli-0.1.13.tgz',
33 silly install resolved     readme: 'ERROR: No README data found!' } ]
34 info install grunt-cli@0.1.13 into /usr/lib
35 info installOne grunt-cli@0.1.13
36 verbose installOne of grunt-cli to /usr/lib not in flight; installing
37 warn locking Error: EACCES, open '/home/dorian/.npm/_locks/grunt-cli-e8d57df188d50057.lock'
37 warn locking  /home/dorian/.npm/_locks/grunt-cli-e8d57df188d50057.lock failed { [Error: EACCES, open '/home/dorian/.npm/_locks/grunt-cli-e8d57df188d50057.lock']
37 warn locking   errno: 3,
37 warn locking   code: 'EACCES',
37 warn locking   path: '/home/dorian/.npm/_locks/grunt-cli-e8d57df188d50057.lock' }
38 verbose stack Error: Attempt to unlock /usr/lib/node_modules/grunt-cli, which hasn't been locked
38 verbose stack     at unlock (/usr/local/lib/node_modules/npm/lib/utils/locker.js:66:11)
38 verbose stack     at cb (/usr/local/lib/node_modules/npm/lib/install.js:929:5)
38 verbose stack     at /usr/local/lib/node_modules/npm/lib/install.js:933:20
38 verbose stack     at /usr/local/lib/node_modules/npm/lib/utils/locker.js:40:9
38 verbose stack     at cb (/usr/local/lib/node_modules/npm/node_modules/lockfile/lockfile.js:149:38)
38 verbose stack     at /usr/local/lib/node_modules/npm/node_modules/lockfile/lockfile.js:177:38
38 verbose stack     at Object.oncomplete (fs.js:108:15)
39 verbose cwd /home/dorian/workspace/volunteer_planner/scheduler
40 error Linux 3.13.0-49-generic
41 error argv "node" "/usr/local/bin/npm" "install" "-g" "grunt-cli"
42 error node v0.10.38
43 error npm  v2.1.18
44 error Attempt to unlock /usr/lib/node_modules/grunt-cli, which hasn't been locked
45 error If you need help, you may report this error at:
45 error     <http://github.com/npm/npm/issues>
46 verbose exit [ 1, true ]
